------------------------
2022-09-17 20:34:33,457 
------------------------
 loghandler: <connection object at 0x117f98ac0; dsn: 'user=acnice6032 password=xxx dbname=d2b_assessment host=d2b-internal-assessment-dwh.cxeuj0ektqdz.eu-central-1.rds.amazonaws.com port=5432', closed: 0>
------------------------
2022-09-17 21:51:22,642 
------------------------
 loghandler: could not translate host name "d2b-internal-assessment-dwh.cxeuj0ektqdz.eu-central-1.rds.amazonaws.com" to address: nodename nor servname provided, or not known

------------------------
2022-09-17 21:51:22,644 
------------------------
 loghandler: None
------------------------
2022-09-17 21:54:21,447 
------------------------
 loghandler: <connection object at 0x115bc4ac0; dsn: 'user=acnice6032 password=xxx dbname=d2b_assessment host=d2b-internal-assessment-dwh.cxeuj0ektqdz.eu-central-1.rds.amazonaws.com port=5432', closed: 0>
------------------------
2022-09-17 21:57:43,235 
------------------------
 loghandler: <connection object at 0x116fe8ac0; dsn: 'user=acnice6032 password=xxx dbname=d2b_assessment host=d2b-internal-assessment-dwh.cxeuj0ektqdz.eu-central-1.rds.amazonaws.com port=5432', closed: 0>
------------------------
2022-09-17 21:59:17,401 
------------------------
 loghandler: <connection object at 0x11ee4cac0; dsn: 'user=acnice6032 password=xxx dbname=d2b_assessment host=d2b-internal-assessment-dwh.cxeuj0ektqdz.eu-central-1.rds.amazonaws.com port=5432', closed: 0>
------------------------
2022-09-17 21:59:26,241 
------------------------
 loghandler: <connection object at 0x11f288ac0; dsn: 'user=acnice6032 password=xxx dbname=d2b_assessment host=d2b-internal-assessment-dwh.cxeuj0ektqdz.eu-central-1.rds.amazonaws.com port=5432', closed: 0>
------------------------
2022-09-17 21:59:26,551 
------------------------
 loghandler: relation "if_common.dim_customerss" does not exist
LINE 1: SELECT * FROM if_common.dim_customerss
                      ^
------------------------
2022-09-17 22:04:40,251 
------------------------
 loghandler: could not translate host name "d2b-internal-assessment-dwh.cxeuj0ektqdz.eu-central-1.rds.amazonaws.com" to address: nodename nor servname provided, or not known

------------------------
2022-09-17 22:04:40,252 
------------------------
 loghandler: None
------------------------
2022-09-17 22:05:48,516 
------------------------
 loghandler: <connection object at 0x11beb8ac0; dsn: 'user=acnice6032 password=xxx dbname=d2b_assessment host=d2b-internal-assessment-dwh.cxeuj0ektqdz.eu-central-1.rds.amazonaws.com port=5432', closed: 0>
------------------------
2022-09-17 22:05:48,877 
------------------------
 loghandler: relation "if_common.dim_customerss" does not exist
LINE 1: SELECT * FROM if_common.dim_customerss
                      ^

------------------------
2022-09-17 22:05:48,877 
------------------------
 loghandler: relation "if_common.dim_customerss" does not exist
LINE 1: SELECT * FROM if_common.dim_customerss
                      ^

------------------------
2022-09-17 22:10:48,297 
------------------------
 root: <connection object at 0x11c66cac0; dsn: 'user=acnice6032 password=xxx dbname=d2b_assessment host=d2b-internal-assessment-dwh.cxeuj0ektqdz.eu-central-1.rds.amazonaws.com port=5432', closed: 0>
------------------------
2022-09-17 22:10:48,630 
------------------------
 root: relation "if_common.dim_customerss" does not exist
LINE 1: SELECT * FROM if_common.dim_customerss
                      ^

------------------------
2022-09-17 22:10:48,630 
------------------------
 root: relation "if_common.dim_customerss" does not exist
LINE 1: SELECT * FROM if_common.dim_customerss
                      ^

------------------------
2022-09-17 22:16:32,925 
------------------------
 root: <connection object at 0x117250ac0; dsn: 'user=acnice6032 password=xxx dbname=d2b_assessment host=d2b-internal-assessment-dwh.cxeuj0ektqdz.eu-central-1.rds.amazonaws.com port=5432', closed: 0>
------------------------
2022-09-17 22:18:45,082 
------------------------
 loghandler: <connection object at 0x11c1acac0; dsn: 'user=acnice6032 password=xxx dbname=d2b_assessment host=d2b-internal-assessment-dwh.cxeuj0ektqdz.eu-central-1.rds.amazonaws.com port=5432', closed: 0>
------------------------
2022-09-17 22:19:28,943 
------------------------
 loghandler: <connection object at 0x11f0ecac0; dsn: 'user=acnice6032 password=xxx dbname=d2b_assessment host=d2b-internal-assessment-dwh.cxeuj0ektqdz.eu-central-1.rds.amazonaws.com port=5432', closed: 0>
------------------------
2022-09-17 22:19:29,287 
------------------------
 loghandler: relation "if_common.dim_customerss" does not exist
LINE 1: SELECT * FROM if_common.dim_customerss
                      ^

------------------------
2022-09-17 22:22:15,457 
------------------------
 loghandler: <connection object at 0x11c9e4ac0; dsn: 'user=acnice6032 password=xxx dbname=d2b_assessment host=d2b-internal-assessment-dwh.cxeuj0ektqdz.eu-central-1.rds.amazonaws.com port=5432', closed: 0>
------------------------
2022-09-17 22:22:16,271 
------------------------
 loghandler: relation "if_common.dim_customerss" does not exist
LINE 1: SELECT * FROM if_common.dim_customerss
                      ^

------------------------
2022-09-18 00:36:36,278 
------------------------
 loghandler: <connection object at 0x1035f1d20; dsn: 'user=acnice6032 password=xxx dbname=d2b_assessment host=d2b-internal-assessment-dwh.cxeuj0ektqdz.eu-central-1.rds.amazonaws.com port=5432', closed: 0>
------------------------
2022-09-18 00:36:48,438 
------------------------
 loghandler: <connection object at 0x105d6dd20; dsn: 'user=acnice6032 password=xxx dbname=d2b_assessment host=d2b-internal-assessment-dwh.cxeuj0ektqdz.eu-central-1.rds.amazonaws.com port=5432', closed: 0>
------------------------
2022-09-18 00:36:48,735 
------------------------
 loghandler: relation "if_common.dim_addressess" does not exist
LINE 1: SELECT * FROM if_common.dim_addressess
                      ^

------------------------
2022-09-18 00:37:51,090 
------------------------
 loghandler: <connection object at 0x10af61d20; dsn: 'user=acnice6032 password=xxx dbname=d2b_assessment host=d2b-internal-assessment-dwh.cxeuj0ektqdz.eu-central-1.rds.amazonaws.com port=5432', closed: 0>
------------------------
2022-09-18 00:37:51,390 
------------------------
 loghandler: relation "if_common.dim_addressess" does not exist
LINE 1: SELECT * FROM if_common.dim_addressess
                      ^

------------------------
2022-09-18 00:40:17,435 
------------------------
 loghandler: <connection object at 0x10b9c9d20; dsn: 'user=acnice6032 password=xxx dbname=d2b_assessment host=d2b-internal-assessment-dwh.cxeuj0ektqdz.eu-central-1.rds.amazonaws.com port=5432', closed: 0>
------------------------
2022-09-18 00:40:18,027 
------------------------
 loghandler: relation "if_common.dim_addressess" does not exist
LINE 1: SELECT * FROM if_common.dim_addressess
                      ^

------------------------
2022-09-18 00:42:51,329 
------------------------
 __main__: <connection object at 0x1070b1d20; dsn: 'user=acnice6032 password=xxx dbname=d2b_assessment host=d2b-internal-assessment-dwh.cxeuj0ektqdz.eu-central-1.rds.amazonaws.com port=5432', closed: 0>
------------------------
2022-09-18 00:42:51,648 
------------------------
 __main__: relation "if_common.dim_addressess" does not exist
LINE 1: SELECT * FROM if_common.dim_addressess
                      ^

------------------------
2022-09-18 00:43:31,048 
------------------------
 extract: <connection object at 0x1040f5d20; dsn: 'user=acnice6032 password=xxx dbname=d2b_assessment host=d2b-internal-assessment-dwh.cxeuj0ektqdz.eu-central-1.rds.amazonaws.com port=5432', closed: 0>
------------------------
2022-09-18 00:43:31,368 
------------------------
 extract: relation "if_common.dim_addressess" does not exist
LINE 1: SELECT * FROM if_common.dim_addressess
                      ^

------------------------
2022-09-18 00:44:33,033 
------------------------
 extract: <connection object at 0x10b4c9d20; dsn: 'user=acnice6032 password=xxx dbname=d2b_assessment host=d2b-internal-assessment-dwh.cxeuj0ektqdz.eu-central-1.rds.amazonaws.com port=5432', closed: 0>
